
> Professional Portfolio Website@0.1.0 build
> next build

  ▲ Next.js 14.2.35

   Creating an optimized production build ...
Failed to compile.

src\app\layout.tsx
An error occurred in `next/font`.

Error: Cannot find module 'tailwindcss-animate'
Require stack:
- C:\Users\Antor Chandra Das\Downloads\engrAntor\postcss.config.js
- C:\Users\Antor Chandra Das\Downloads\engrAntor\node_modules\next\dist\lib\find-config.js
- C:\Users\Antor Chandra Das\Downloads\engrAntor\node_modules\next\dist\build\webpack\config\blocks\css\plugins.js
- C:\Users\Antor Chandra Das\Downloads\engrAntor\node_modules\next\dist\build\webpack\config\blocks\css\index.js
- C:\Users\Antor Chandra Das\Downloads\engrAntor\node_modules\next\dist\build\webpack\config\index.js
- C:\Users\Antor Chandra Das\Downloads\engrAntor\node_modules\next\dist\build\webpack-config.js
- C:\Users\Antor Chandra Das\Downloads\engrAntor\node_modules\next\dist\build\webpack-build\impl.js
- C:\Users\Antor Chandra Das\Downloads\engrAntor\node_modules\next\dist\compiled\jest-worker\processChild.js
    at Function.<anonymous> (node:internal/modules/cjs/loader:1383:15)
    at C:\Users\Antor Chandra Das\Downloads\engrAntor\node_modules\next\dist\server\require-hook.js:55:36
    at defaultResolveImpl (node:internal/modules/cjs/loader:1025:19)
    at resolveForCJSWithHooks (node:internal/modules/cjs/loader:1030:22)
    at Function._load (node:internal/modules/cjs/loader:1192:37)
    at TracingChannel.traceSync (node:diagnostics_channel:328:14)
    at wrapModuleLoad (node:internal/modules/cjs/loader:237:24)
    at Module.<anonymous> (node:internal/modules/cjs/loader:1463:12)
    at mod.require (C:\Users\Antor Chandra Das\Downloads\engrAntor\node_modules\next\dist\server\require-hook.js:65:28)
    at require (node:internal/modules/helpers:147:16)


> Build failed because of webpack errors
